Start testing: Jan 22 23:04 IST
----------------------------------------------------------
1/2 Testing: customer
1/2 Test: customer
Command: "/Users/dineshkumar/Documents/jiocloud/testy/build/test/customer_tests"
Directory: /Users/dineshkumar/Documents/jiocloud/testy/build/test
"customer" start time: Jan 22 23:04 IST
Output:
----------------------------------------------------------
[==========] Running 2 tests from 2 test cases.
[----------] Global test environment set-up.
[----------] 1 test from customer
[ RUN      ] customer.ok
[       OK ] customer.ok (0 ms)
[----------] 1 test from customer (0 ms total)

[----------] 1 test from testy
[ RUN      ] testy.not_ok
[       OK ] testy.not_ok (0 ms)
[----------] 1 test from testy (0 ms total)

[----------] Global test environment tear-down
[==========] 2 tests from 2 test cases ran. (0 ms total)
[  PASSED  ] 2 tests.
<end of output>
Test time =   0.00 sec
----------------------------------------------------------
Test Passed.
"customer" end time: Jan 22 23:04 IST
"customer" time elapsed: 00:00:00
----------------------------------------------------------

2/2 Testing: widget
2/2 Test: widget
Command: "/Users/dineshkumar/Documents/jiocloud/testy/build/test/widget_tests"
Directory: /Users/dineshkumar/Documents/jiocloud/testy/build/test
"widget" start time: Jan 22 23:04 IST
Output:
----------------------------------------------------------
[==========] Running 2 tests from 2 test cases.
[----------] Global test environment set-up.
[----------] 1 test from widget
[ RUN      ] widget.ok
[       OK ] widget.ok (0 ms)
[----------] 1 test from widget (0 ms total)

[----------] 1 test from testy
[ RUN      ] testy.not_ok
[       OK ] testy.not_ok (0 ms)
[----------] 1 test from testy (0 ms total)

[----------] Global test environment tear-down
[==========] 2 tests from 2 test cases ran. (0 ms total)
[  PASSED  ] 2 tests.
<end of output>
Test time =   0.00 sec
----------------------------------------------------------
Test Passed.
"widget" end time: Jan 22 23:04 IST
"widget" time elapsed: 00:00:00
----------------------------------------------------------

End testing: Jan 22 23:04 IST
